<?xml version="1.0" encoding="UTF-8"?>
<coverage generated="1638283441375" clover="3.2.0">
  <project timestamp="1638283441375" name="All files">
    <metrics statements="107" coveredstatements="41" conditionals="52" coveredconditionals="3" methods="40" coveredmethods="19" elements="199" coveredelements="63" complexity="0" loc="107" ncloc="107" packages="1" files="11" classes="11"/>
    <file name="App.js" path="/Users/johnakhilomen/Documents/Projects/meet-app-/src/App.js">
      <metrics statements="2" coveredstatements="2" conditionals="0" coveredconditionals="0" methods="1" coveredmethods="1"/>
      <line num="10" count="1" type="stmt"/>
      <line num="14" count="1" type="stmt"/>
    </file>
    <file name="CitySearch.js" path="/Users/johnakhilomen/Documents/Projects/meet-app-/src/CitySearch.js">
      <metrics statements="15" coveredstatements="15" conditionals="0" coveredconditionals="0" methods="9" coveredmethods="9"/>
      <line num="7" count="4" type="stmt"/>
      <line num="13" count="4" type="stmt"/>
      <line num="14" count="1" type="stmt"/>
      <line num="15" count="7" type="stmt"/>
      <line num="19" count="4" type="stmt"/>
      <line num="20" count="2" type="stmt"/>
      <line num="21" count="2" type="stmt"/>
      <line num="22" count="4" type="stmt"/>
      <line num="24" count="2" type="stmt"/>
      <line num="30" count="4" type="stmt"/>
      <line num="31" count="1" type="stmt"/>
      <line num="33" count="7" type="stmt"/>
      <line num="38" count="10" type="stmt"/>
      <line num="49" count="6" type="stmt"/>
      <line num="51" count="1" type="stmt"/>
    </file>
    <file name="Event.js" path="/Users/johnakhilomen/Documents/Projects/meet-app-/src/Event.js">
      <metrics statements="8" coveredstatements="8" conditionals="2" coveredconditionals="2" methods="2" coveredmethods="2"/>
      <line num="6" count="2" type="stmt"/>
      <line num="11" count="2" type="stmt"/>
      <line num="12" count="2" type="cond" truecount="2" falsecount="0"/>
      <line num="13" count="1" type="stmt"/>
      <line num="19" count="1" type="stmt"/>
      <line num="28" count="4" type="stmt"/>
      <line num="29" count="4" type="stmt"/>
      <line num="33" count="4" type="stmt"/>
    </file>
    <file name="EventList.js" path="/Users/johnakhilomen/Documents/Projects/meet-app-/src/EventList.js">
      <metrics statements="3" coveredstatements="3" conditionals="0" coveredconditionals="0" methods="2" coveredmethods="2"/>
      <line num="6" count="2" type="stmt"/>
      <line num="7" count="2" type="stmt"/>
      <line num="10" count="11" type="stmt"/>
    </file>
    <file name="NumberOfEvents.js" path="/Users/johnakhilomen/Documents/Projects/meet-app-/src/NumberOfEvents.js">
      <metrics statements="8" coveredstatements="8" conditionals="2" coveredconditionals="1" methods="3" coveredmethods="3"/>
      <line num="5" count="2" type="stmt"/>
      <line num="8" count="2" type="stmt"/>
      <line num="9" count="1" type="stmt"/>
      <line num="13" count="2" type="stmt"/>
      <line num="14" count="1" type="cond" truecount="1" falsecount="1"/>
      <line num="15" count="1" type="stmt"/>
      <line num="19" count="3" type="stmt"/>
      <line num="26" count="3" type="stmt"/>
    </file>
    <file name="api.js" path="/Users/johnakhilomen/Documents/Projects/meet-app-/src/api.js">
      <metrics statements="4" coveredstatements="4" conditionals="0" coveredconditionals="0" methods="2" coveredmethods="2"/>
      <line num="1" count="2" type="stmt"/>
      <line num="2" count="21" type="stmt"/>
      <line num="3" count="3" type="stmt"/>
      <line num="4" count="3" type="stmt"/>
    </file>
    <file name="index.js" path="/Users/johnakhilomen/Documents/Projects/meet-app-/src/index.js">
      <metrics statements="3" coveredstatements="0" conditionals="0" coveredconditionals="0" methods="0" coveredmethods="0"/>
      <line num="8" count="0" type="stmt"/>
      <line num="18" count="0" type="stmt"/>
      <line num="23" count="0" type="stmt"/>
    </file>
    <file name="mock-data.js" path="/Users/johnakhilomen/Documents/Projects/meet-app-/src/mock-data.js">
      <metrics statements="1" coveredstatements="1" conditionals="0" coveredconditionals="0" methods="0" coveredmethods="0"/>
      <line num="1" count="4" type="stmt"/>
    </file>
    <file name="reportWebVitals.js" path="/Users/johnakhilomen/Documents/Projects/meet-app-/src/reportWebVitals.js">
      <metrics statements="8" coveredstatements="0" conditionals="4" coveredconditionals="0" methods="2" coveredmethods="0"/>
      <line num="1" count="0" type="stmt"/>
      <line num="2" count="0" type="cond" truecount="0" falsecount="4"/>
      <line num="3" count="0" type="stmt"/>
      <line num="4" count="0" type="stmt"/>
      <line num="5" count="0" type="stmt"/>
      <line num="6" count="0" type="stmt"/>
      <line num="7" count="0" type="stmt"/>
      <line num="8" count="0" type="stmt"/>
    </file>
    <file name="service-worker.js" path="/Users/johnakhilomen/Documents/Projects/meet-app-/src/service-worker.js">
      <metrics statements="16" coveredstatements="0" conditionals="12" coveredconditionals="0" methods="3" coveredmethods="0"/>
      <line num="16" count="0" type="stmt"/>
      <line num="22" count="0" type="stmt"/>
      <line num="27" count="0" type="stmt"/>
      <line num="28" count="0" type="stmt"/>
      <line num="32" count="0" type="cond" truecount="0" falsecount="2"/>
      <line num="33" count="0" type="stmt"/>
      <line num="36" count="0" type="cond" truecount="0" falsecount="2"/>
      <line num="37" count="0" type="stmt"/>
      <line num="40" count="0" type="cond" truecount="0" falsecount="2"/>
      <line num="41" count="0" type="stmt"/>
      <line num="44" count="0" type="stmt"/>
      <line num="51" count="0" type="stmt"/>
      <line num="53" count="0" type="cond" truecount="0" falsecount="2"/>
      <line num="66" count="0" type="stmt"/>
      <line num="67" count="0" type="cond" truecount="0" falsecount="4"/>
      <line num="68" count="0" type="stmt"/>
    </file>
    <file name="serviceWorkerRegistration.js" path="/Users/johnakhilomen/Documents/Projects/meet-app-/src/serviceWorkerRegistration.js">
      <metrics statements="39" coveredstatements="0" conditionals="32" coveredconditionals="0" methods="16" coveredmethods="0"/>
      <line num="13" count="0" type="stmt"/>
      <line num="22" count="0" type="cond" truecount="0" falsecount="4"/>
      <line num="24" count="0" type="stmt"/>
      <line num="25" count="0" type="cond" truecount="0" falsecount="2"/>
      <line num="29" count="0" type="stmt"/>
      <line num="32" count="0" type="stmt"/>
      <line num="33" count="0" type="stmt"/>
      <line num="35" count="0" type="cond" truecount="0" falsecount="2"/>
      <line num="37" count="0" type="stmt"/>
      <line num="41" count="0" type="stmt"/>
      <line num="42" count="0" type="stmt"/>
      <line num="49" count="0" type="stmt"/>
      <line num="56" count="0" type="stmt"/>
      <line num="59" count="0" type="stmt"/>
      <line num="60" count="0" type="stmt"/>
      <line num="61" count="0" type="cond" truecount="0" falsecount="2"/>
      <line num="62" count="0" type="stmt"/>
      <line num="64" count="0" type="stmt"/>
      <line num="65" count="0" type="cond" truecount="0" falsecount="2"/>
      <line num="66" count="0" type="cond" truecount="0" falsecount="2"/>
      <line num="70" count="0" type="stmt"/>
      <line num="76" count="0" type="cond" truecount="0" falsecount="4"/>
      <line num="77" count="0" type="stmt"/>
      <line num="83" count="0" type="stmt"/>
      <line num="86" count="0" type="cond" truecount="0" falsecount="4"/>
      <line num="87" count="0" type="stmt"/>
      <line num="95" count="0" type="stmt"/>
      <line num="101" count="0" type="stmt"/>
      <line num="106" count="0" type="stmt"/>
      <line num="107" count="0" type="cond" truecount="0" falsecount="2"/>
      <line num="112" count="0" type="stmt"/>
      <line num="113" count="0" type="stmt"/>
      <line num="114" count="0" type="stmt"/>
      <line num="119" count="0" type="stmt"/>
      <line num="123" count="0" type="stmt"/>
      <line num="128" count="0" type="cond" truecount="0" falsecount="2"/>
      <line num="129" count="0" type="stmt"/>
      <line num="131" count="0" type="stmt"/>
      <line num="134" count="0" type="stmt"/>
    </file>
  </project>
</coverage>
