{"/Users/anu/Documents/Project/meet-app-/src/App.js": {"path":"/Users/anu/Documents/Project/meet-app-/src/App.js","statementMap":{"0":{"start":{"line":10,"column":10},"end":{"line":12,"column":3}},"1":{"start":{"line":14,"column":4},"end":{"line":18,"column":6}}},"fnMap":{"0":{"name":"(anonymous_0)","decl":{"start":{"line":13,"column":2},"end":{"line":13,"column":3}},"loc":{"start":{"line":13,"column":11},"end":{"line":19,"column":3}},"line":13}},"branchMap":{},"s":{"0":1,"1":1},"f":{"0":1},"b":{},"_coverageSchema":"1a1c01bbd47fc00a2c39e90264f33305004495a9","hash":"5035bfe8d4504709b41230bebc3e103f914d1046"}
,"/Users/anu/Documents/Project/meet-app-/src/CitySearch.js": {"path":"/Users/anu/Documents/Project/meet-app-/src/CitySearch.js","statementMap":{"0":{"start":{"line":7,"column":12},"end":{"line":11,"column":7}},"1":{"start":{"line":12,"column":29},"end":{"line":16,"column":7}},"2":{"start":{"line":13,"column":8},"end":{"line":15,"column":10}},"3":{"start":{"line":14,"column":44},"end":{"line":14,"column":77}},"4":{"start":{"line":17,"column":27},"end":{"line":27,"column":9}},"5":{"start":{"line":18,"column":22},"end":{"line":18,"column":40}},"6":{"start":{"line":19,"column":28},"end":{"line":21,"column":12}},"7":{"start":{"line":20,"column":12},"end":{"line":20,"column":76}},"8":{"start":{"line":22,"column":10},"end":{"line":26,"column":13}},"9":{"start":{"line":28,"column":28},"end":{"line":34,"column":9}},"10":{"start":{"line":29,"column":10},"end":{"line":32,"column":13}},"11":{"start":{"line":31,"column":46},"end":{"line":31,"column":73}},"12":{"start":{"line":36,"column":4},"end":{"line":62,"column":6}},"13":{"start":{"line":47,"column":17},"end":{"line":50,"column":33}},"14":{"start":{"line":49,"column":32},"end":{"line":49,"column":66}}},"fnMap":{"0":{"name":"(anonymous_0)","decl":{"start":{"line":12,"column":29},"end":{"line":12,"column":30}},"loc":{"start":{"line":12,"column":38},"end":{"line":16,"column":7}},"line":12},"1":{"name":"(anonymous_1)","decl":{"start":{"line":14,"column":35},"end":{"line":14,"column":36}},"loc":{"start":{"line":14,"column":44},"end":{"line":14,"column":77}},"line":14},"2":{"name":"(anonymous_2)","decl":{"start":{"line":17,"column":27},"end":{"line":17,"column":28}},"loc":{"start":{"line":17,"column":38},"end":{"line":27,"column":9}},"line":17},"3":{"name":"(anonymous_3)","decl":{"start":{"line":19,"column":56},"end":{"line":19,"column":57}},"loc":{"start":{"line":19,"column":70},"end":{"line":21,"column":11}},"line":19},"4":{"name":"(anonymous_4)","decl":{"start":{"line":28,"column":28},"end":{"line":28,"column":29}},"loc":{"start":{"line":28,"column":44},"end":{"line":34,"column":9}},"line":28},"5":{"name":"(anonymous_5)","decl":{"start":{"line":31,"column":37},"end":{"line":31,"column":38}},"loc":{"start":{"line":31,"column":46},"end":{"line":31,"column":73}},"line":31},"6":{"name":"(anonymous_6)","decl":{"start":{"line":35,"column":2},"end":{"line":35,"column":3}},"loc":{"start":{"line":35,"column":11},"end":{"line":63,"column":3}},"line":35},"7":{"name":"(anonymous_7)","decl":{"start":{"line":46,"column":43},"end":{"line":46,"column":44}},"loc":{"start":{"line":47,"column":17},"end":{"line":50,"column":33}},"line":47},"8":{"name":"(anonymous_8)","decl":{"start":{"line":49,"column":26},"end":{"line":49,"column":27}},"loc":{"start":{"line":49,"column":32},"end":{"line":49,"column":66}},"line":49}},"branchMap":{},"s":{"0":3,"1":3,"2":0,"3":0,"4":3,"5":2,"6":2,"7":4,"8":2,"9":3,"10":1,"11":7,"12":10,"13":6,"14":1},"f":{"0":0,"1":0,"2":2,"3":4,"4":1,"5":7,"6":10,"7":6,"8":1},"b":{},"_coverageSchema":"1a1c01bbd47fc00a2c39e90264f33305004495a9","hash":"36ada956b15ba679d01ddcda01518189b1e0a6ea"}
,"/Users/anu/Documents/Project/meet-app-/src/Event.js": {"path":"/Users/anu/Documents/Project/meet-app-/src/Event.js","statementMap":{"0":{"start":{"line":6,"column":10},"end":{"line":9,"column":3}},"1":{"start":{"line":11,"column":14},"end":{"line":24,"column":3}},"2":{"start":{"line":12,"column":4},"end":{"line":23,"column":5}},"3":{"start":{"line":13,"column":6},"end":{"line":16,"column":9}},"4":{"start":{"line":19,"column":6},"end":{"line":22,"column":9}},"5":{"start":{"line":28,"column":14},"end":{"line":28,"column":24}},"6":{"start":{"line":29,"column":28},"end":{"line":29,"column":38}},"7":{"start":{"line":33,"column":4},"end":{"line":45,"column":3}}},"fnMap":{"0":{"name":"(anonymous_0)","decl":{"start":{"line":11,"column":14},"end":{"line":11,"column":15}},"loc":{"start":{"line":11,"column":20},"end":{"line":24,"column":3}},"line":11},"1":{"name":"(anonymous_1)","decl":{"start":{"line":27,"column":2},"end":{"line":27,"column":3}},"loc":{"start":{"line":27,"column":11},"end":{"line":46,"column":3}},"line":27}},"branchMap":{"0":{"loc":{"start":{"line":12,"column":4},"end":{"line":23,"column":5}},"type":"if","locations":[{"start":{"line":12,"column":4},"end":{"line":23,"column":5}},{"start":{"line":12,"column":4},"end":{"line":23,"column":5}}],"line":12}},"s":{"0":2,"1":2,"2":2,"3":1,"4":1,"5":4,"6":4,"7":4},"f":{"0":2,"1":4},"b":{"0":[1,1]},"_coverageSchema":"1a1c01bbd47fc00a2c39e90264f33305004495a9","hash":"d90839bc7e7ef815d7eafb00e42a8d10d8f2b732"}
,"/Users/anu/Documents/Project/meet-app-/src/EventList.js": {"path":"/Users/anu/Documents/Project/meet-app-/src/EventList.js","statementMap":{"0":{"start":{"line":6,"column":27},"end":{"line":6,"column":37}},"1":{"start":{"line":7,"column":8},"end":{"line":15,"column":10}},"2":{"start":{"line":10,"column":14},"end":{"line":12,"column":19}}},"fnMap":{"0":{"name":"(anonymous_0)","decl":{"start":{"line":5,"column":4},"end":{"line":5,"column":5}},"loc":{"start":{"line":5,"column":13},"end":{"line":16,"column":5}},"line":5},"1":{"name":"(anonymous_1)","decl":{"start":{"line":9,"column":24},"end":{"line":9,"column":25}},"loc":{"start":{"line":10,"column":14},"end":{"line":12,"column":19}},"line":10}},"branchMap":{},"s":{"0":2,"1":2,"2":11},"f":{"0":2,"1":11},"b":{},"_coverageSchema":"1a1c01bbd47fc00a2c39e90264f33305004495a9","hash":"39994d1e7d2c08336be3683c419e826495665f4c"}
,"/Users/anu/Documents/Project/meet-app-/src/NumberOfEvents.js": {"path":"/Users/anu/Documents/Project/meet-app-/src/NumberOfEvents.js","statementMap":{"0":{"start":{"line":4,"column":10},"end":{"line":6,"column":5}},"1":{"start":{"line":7,"column":18},"end":{"line":11,"column":5}},"2":{"start":{"line":8,"column":8},"end":{"line":10,"column":10}},"3":{"start":{"line":12,"column":21},"end":{"line":15,"column":5}},"4":{"start":{"line":13,"column":8},"end":{"line":14,"column":66}},"5":{"start":{"line":14,"column":8},"end":{"line":14,"column":66}},"6":{"start":{"line":17,"column":8},"end":{"line":19,"column":15}}},"fnMap":{"0":{"name":"(anonymous_0)","decl":{"start":{"line":7,"column":18},"end":{"line":7,"column":19}},"loc":{"start":{"line":7,"column":27},"end":{"line":11,"column":5}},"line":7},"1":{"name":"(anonymous_1)","decl":{"start":{"line":12,"column":21},"end":{"line":12,"column":22}},"loc":{"start":{"line":12,"column":28},"end":{"line":15,"column":5}},"line":12},"2":{"name":"(anonymous_2)","decl":{"start":{"line":16,"column":4},"end":{"line":16,"column":5}},"loc":{"start":{"line":16,"column":13},"end":{"line":20,"column":5}},"line":16}},"branchMap":{"0":{"loc":{"start":{"line":13,"column":8},"end":{"line":14,"column":66}},"type":"if","locations":[{"start":{"line":13,"column":8},"end":{"line":14,"column":66}},{"start":{"line":13,"column":8},"end":{"line":14,"column":66}}],"line":13}},"s":{"0":3,"1":3,"2":1,"3":3,"4":1,"5":0,"6":4},"f":{"0":1,"1":1,"2":4},"b":{"0":[0,1]},"_coverageSchema":"1a1c01bbd47fc00a2c39e90264f33305004495a9","hash":"4b568d598ca148cc0540ab6d4ba5e2220ddc6611"}
,"/Users/anu/Documents/Project/meet-app-/src/api.js": {"path":"/Users/anu/Documents/Project/meet-app-/src/api.js","statementMap":{"0":{"start":{"line":1,"column":32},"end":{"line":5,"column":3}},"1":{"start":{"line":2,"column":27},"end":{"line":2,"column":64}},"2":{"start":{"line":2,"column":49},"end":{"line":2,"column":63}},"3":{"start":{"line":3,"column":20},"end":{"line":3,"column":50}},"4":{"start":{"line":4,"column":4},"end":{"line":4,"column":21}}},"fnMap":{"0":{"name":"(anonymous_0)","decl":{"start":{"line":1,"column":32},"end":{"line":1,"column":33}},"loc":{"start":{"line":1,"column":44},"end":{"line":5,"column":3}},"line":1},"1":{"name":"(anonymous_1)","decl":{"start":{"line":2,"column":38},"end":{"line":2,"column":39}},"loc":{"start":{"line":2,"column":49},"end":{"line":2,"column":63}},"line":2}},"branchMap":{},"s":{"0":2,"1":3,"2":21,"3":3,"4":3},"f":{"0":3,"1":21},"b":{},"_coverageSchema":"1a1c01bbd47fc00a2c39e90264f33305004495a9","hash":"d286e58f78622284241f4672266361344e5b0ba0"}
,"/Users/anu/Documents/Project/meet-app-/src/mock-data.js": {"path":"/Users/anu/Documents/Project/meet-app-/src/mock-data.js","statementMap":{"0":{"start":{"line":1,"column":17},"end":{"line":275,"column":1}}},"fnMap":{},"branchMap":{},"s":{"0":4},"f":{},"b":{},"_coverageSchema":"1a1c01bbd47fc00a2c39e90264f33305004495a9","hash":"b1c6d9a875f9641b8079a8df0a3d518bca8dd6af"}
}
